{"C:\\Users\\lucky\\OneDrive\\Desktop\\React_tutorial\\src\\components\\Contact.js": {"path":"C:\\Users\\lucky\\OneDrive\\Desktop\\React_tutorial\\src\\components\\Contact.js","statementMap":{"0":{"start":{"line":1,"column":16},"end":{"line":23,"column":1}},"1":{"start":{"line":2,"column":4},"end":{"line":22,"column":5}}},"fnMap":{"0":{"name":"(anonymous_0)","decl":{"start":{"line":1,"column":16},"end":{"line":1,"column":17}},"loc":{"start":{"line":1,"column":22},"end":{"line":23,"column":1}},"line":1}},"branchMap":{},"s":{"0":1,"1":4},"f":{"0":4},"b":{},"_coverageSchema":"1a1c01bbd47fc00a2c39e90264f33305004495a9","hash":"756c3c00b4912c3f774b4d655f8e97e39da62acf"}
,"C:\\Users\\lucky\\OneDrive\\Desktop\\React_tutorial\\src\\components\\Header.js": {"path":"C:\\Users\\lucky\\OneDrive\\Desktop\\React_tutorial\\src\\components\\Header.js","statementMap":{"0":{"start":{"line":6,"column":15},"end":{"line":47,"column":1}},"1":{"start":{"line":7,"column":44},"end":{"line":7,"column":61}},"2":{"start":{"line":8,"column":22},"end":{"line":8,"column":62}},"3":{"start":{"line":8,"column":45},"end":{"line":8,"column":61}},"4":{"start":{"line":9,"column":4},"end":{"line":9,"column":27}},"5":{"start":{"line":11,"column":4},"end":{"line":46,"column":6}},"6":{"start":{"line":38,"column":28},"end":{"line":38,"column":108}}},"fnMap":{"0":{"name":"(anonymous_0)","decl":{"start":{"line":6,"column":15},"end":{"line":6,"column":16}},"loc":{"start":{"line":6,"column":21},"end":{"line":47,"column":1}},"line":6},"1":{"name":"(anonymous_1)","decl":{"start":{"line":8,"column":34},"end":{"line":8,"column":35}},"loc":{"start":{"line":8,"column":45},"end":{"line":8,"column":61}},"line":8},"2":{"name":"(anonymous_2)","decl":{"start":{"line":37,"column":33},"end":{"line":37,"column":34}},"loc":{"start":{"line":37,"column":39},"end":{"line":39,"column":25}},"line":37}},"branchMap":{"0":{"loc":{"start":{"line":38,"column":28},"end":{"line":38,"column":107}},"type":"cond-expr","locations":[{"start":{"line":38,"column":55},"end":{"line":38,"column":80}},{"start":{"line":38,"column":83},"end":{"line":38,"column":107}}],"line":38}},"s":{"0":1,"1":5,"2":5,"3":9,"4":5,"5":5,"6":1},"f":{"0":5,"1":9,"2":1},"b":{"0":[1,0]},"_coverageSchema":"1a1c01bbd47fc00a2c39e90264f33305004495a9","hash":"cf23ace480fb6b7b1092589a95b36c21ea53c04e"}
,"C:\\Users\\lucky\\OneDrive\\Desktop\\React_tutorial\\src\\components\\RestaurantCard.js": {"path":"C:\\Users\\lucky\\OneDrive\\Desktop\\React_tutorial\\src\\components\\RestaurantCard.js","statementMap":{"0":{"start":{"line":3,"column":23},"end":{"line":21,"column":1}},"1":{"start":{"line":4,"column":22},"end":{"line":4,"column":27}},"2":{"start":{"line":5,"column":2},"end":{"line":5,"column":28}},"3":{"start":{"line":6,"column":64},"end":{"line":6,"column":77}},"4":{"start":{"line":8,"column":2},"end":{"line":20,"column":4}},"5":{"start":{"line":23,"column":33},"end":{"line":32,"column":1}},"6":{"start":{"line":24,"column":4},"end":{"line":31,"column":6}},"7":{"start":{"line":25,"column":8},"end":{"line":30,"column":10}}},"fnMap":{"0":{"name":"(anonymous_0)","decl":{"start":{"line":3,"column":23},"end":{"line":3,"column":24}},"loc":{"start":{"line":3,"column":34},"end":{"line":21,"column":1}},"line":3},"1":{"name":"(anonymous_1)","decl":{"start":{"line":23,"column":33},"end":{"line":23,"column":34}},"loc":{"start":{"line":23,"column":53},"end":{"line":32,"column":1}},"line":23},"2":{"name":"(anonymous_2)","decl":{"start":{"line":24,"column":11},"end":{"line":24,"column":12}},"loc":{"start":{"line":24,"column":22},"end":{"line":31,"column":5}},"line":24}},"branchMap":{},"s":{"0":1,"1":5,"2":4,"3":4,"4":0,"5":1,"6":0,"7":0},"f":{"0":5,"1":0,"2":0},"b":{},"_coverageSchema":"1a1c01bbd47fc00a2c39e90264f33305004495a9","hash":"a8c0d632cbb4af0ff8b9952e242efa45efdecf6f"}
,"C:\\Users\\lucky\\OneDrive\\Desktop\\React_tutorial\\src\\components\\sum.js": {"path":"C:\\Users\\lucky\\OneDrive\\Desktop\\React_tutorial\\src\\components\\sum.js","statementMap":{"0":{"start":{"line":1,"column":18},"end":{"line":3,"column":1}},"1":{"start":{"line":2,"column":4},"end":{"line":2,"column":15}}},"fnMap":{"0":{"name":"(anonymous_0)","decl":{"start":{"line":1,"column":18},"end":{"line":1,"column":19}},"loc":{"start":{"line":1,"column":27},"end":{"line":3,"column":1}},"line":1}},"branchMap":{},"s":{"0":1,"1":1},"f":{"0":1},"b":{},"_coverageSchema":"1a1c01bbd47fc00a2c39e90264f33305004495a9","hash":"70c3261c0a6e47bc4cb1279dc761b9dfbb0a286e"}
,"C:\\Users\\lucky\\OneDrive\\Desktop\\React_tutorial\\src\\utils\\appStore.js": {"path":"C:\\Users\\lucky\\OneDrive\\Desktop\\React_tutorial\\src\\utils\\appStore.js","statementMap":{"0":{"start":{"line":5,"column":17},"end":{"line":9,"column":2}}},"fnMap":{},"branchMap":{},"s":{"0":1},"f":{},"b":{},"_coverageSchema":"1a1c01bbd47fc00a2c39e90264f33305004495a9","hash":"74ae855adca8cff19674350221e54182b08d7fe8"}
,"C:\\Users\\lucky\\OneDrive\\Desktop\\React_tutorial\\src\\utils\\cartSlice.js": {"path":"C:\\Users\\lucky\\OneDrive\\Desktop\\React_tutorial\\src\\utils\\cartSlice.js","statementMap":{"0":{"start":{"line":3,"column":18},"end":{"line":19,"column":2}},"1":{"start":{"line":10,"column":12},"end":{"line":10,"column":45}},"2":{"start":{"line":13,"column":12},"end":{"line":13,"column":30}},"3":{"start":{"line":16,"column":12},"end":{"line":16,"column":33}},"4":{"start":{"line":21,"column":48},"end":{"line":21,"column":65}}},"fnMap":{"0":{"name":"(anonymous_0)","decl":{"start":{"line":9,"column":18},"end":{"line":9,"column":19}},"loc":{"start":{"line":9,"column":37},"end":{"line":11,"column":9}},"line":9},"1":{"name":"(anonymous_1)","decl":{"start":{"line":12,"column":22},"end":{"line":12,"column":23}},"loc":{"start":{"line":12,"column":33},"end":{"line":14,"column":9}},"line":12},"2":{"name":"(anonymous_2)","decl":{"start":{"line":15,"column":21},"end":{"line":15,"column":22}},"loc":{"start":{"line":15,"column":32},"end":{"line":17,"column":9}},"line":15}},"branchMap":{},"s":{"0":1,"1":0,"2":0,"3":0,"4":1},"f":{"0":0,"1":0,"2":0},"b":{},"_coverageSchema":"1a1c01bbd47fc00a2c39e90264f33305004495a9","hash":"6f5dfe512585e82e8f2399ec0eed3a2601d71a96"}
,"C:\\Users\\lucky\\OneDrive\\Desktop\\React_tutorial\\src\\utils\\constant.js": {"path":"C:\\Users\\lucky\\OneDrive\\Desktop\\React_tutorial\\src\\utils\\constant.js","statementMap":{"0":{"start":{"line":2,"column":0},"end":{"line":2,"column":83}},"1":{"start":{"line":5,"column":0},"end":{"line":5,"column":85}},"2":{"start":{"line":8,"column":22},"end":{"line":8,"column":145}}},"fnMap":{},"branchMap":{},"s":{"0":2,"1":2,"2":2},"f":{},"b":{},"_coverageSchema":"1a1c01bbd47fc00a2c39e90264f33305004495a9","hash":"06c5e80c69cbba64bd18a8a63ad362a205f77d87"}
}
